ERROR   2021-09-21 12:05:50,741 [restartedMain] org.springframework.boot.diagnostics.LoggingFailureAnalysisReporter [] [] - 

***************************
APPLICATION FAILED TO START
***************************

Description:

Field toolService in it.istat.mec.catalogue.controller.ToolController required a bean of type 'it.istat.mec.catalogue.service.ToolService' that could not be found.

The injection point has the following annotations:
	- @org.springframework.beans.factory.annotation.Autowired(required=true)


Action:

Consider defining a bean of type 'it.istat.mec.catalogue.service.ToolService' in your configuration.

ERROR   2021-09-21 12:20:03,928 [restartedMain] org.springframework.boot.diagnostics.LoggingFailureAnalysisReporter [] [] - 

***************************
APPLICATION FAILED TO START
***************************

Description:

The bean 'corsConfigurer', defined in it.istat.mec.catalogue.CatalogueApplication, could not be registered. A bean with that name has already been defined in class path resource [it/istat/mec/catalogue/CatalogApplication.class] and overriding is disabled.

Action:

Consider renaming one of the beans or enabling overriding by setting spring.main.allow-bean-definition-overriding=true

ERROR   2021-09-21 12:20:45,760 [restartedMain] org.springframework.boot.diagnostics.LoggingFailureAnalysisReporter [] [] - 

***************************
APPLICATION FAILED TO START
***************************

Description:

The bean 'corsConfigurer', defined in it.istat.mec.catalogue.CatalogueApplication, could not be registered. A bean with that name has already been defined in class path resource [it/istat/mec/catalogue/CatalogApplication.class] and overriding is disabled.

Action:

Consider renaming one of the beans or enabling overriding by setting spring.main.allow-bean-definition-overriding=true

ERROR   2021-09-21 12:22:50,798 [restartedMain] org.springframework.boot.diagnostics.LoggingFailureAnalysisReporter [] [] - 

***************************
APPLICATION FAILED TO START
***************************

Description:

The bean 'corsConfigurer', defined in it.istat.mec.catalogue.CatalogueApplication, could not be registered. A bean with that name has already been defined in class path resource [it/istat/mec/catalogue/CatalogApplication.class] and overriding is disabled.

Action:

Consider renaming one of the beans or enabling overriding by setting spring.main.allow-bean-definition-overriding=true

ERROR   2021-09-21 12:24:34,825 [restartedMain] org.springframework.boot.diagnostics.LoggingFailureAnalysisReporter [] [] - 

***************************
APPLICATION FAILED TO START
***************************

Description:

The bean 'corsConfigurer', defined in it.istat.mec.catalogue.CatalogueApplication, could not be registered. A bean with that name has already been defined in class path resource [it/istat/mec/catalogue/CatalogApplication.class] and overriding is disabled.

Action:

Consider renaming one of the beans or enabling overriding by setting spring.main.allow-bean-definition-overriding=true

ERROR   2021-09-21 12:24:48,566 [restartedMain] org.springframework.boot.diagnostics.LoggingFailureAnalysisReporter [] [] - 

***************************
APPLICATION FAILED TO START
***************************

Description:

The bean 'corsConfigurer', defined in it.istat.mec.catalogue.CatalogueApplication, could not be registered. A bean with that name has already been defined in class path resource [it/istat/mec/catalogue/CatalogApplication.class] and overriding is disabled.

Action:

Consider renaming one of the beans or enabling overriding by setting spring.main.allow-bean-definition-overriding=true

ERROR   2021-09-21 12:25:46,052 [restartedMain] org.springframework.boot.diagnostics.LoggingFailureAnalysisReporter [] [] - 

***************************
APPLICATION FAILED TO START
***************************

Description:

The bean 'corsConfigurer', defined in it.istat.mec.catalogue.CatalogueApplication, could not be registered. A bean with that name has already been defined in class path resource [it/istat/mec/catalogue/CatalogApplication.class] and overriding is disabled.

Action:

Consider renaming one of the beans or enabling overriding by setting spring.main.allow-bean-definition-overriding=true

ERROR   2021-09-21 12:26:21,605 [restartedMain] org.springframework.boot.diagnostics.LoggingFailureAnalysisReporter [] [] - 

***************************
APPLICATION FAILED TO START
***************************

Description:

The bean 'corsConfigurer', defined in it.istat.mec.catalogue.CatalogueApplication, could not be registered. A bean with that name has already been defined in class path resource [it/istat/mec/catalogue/CatalogApplication.class] and overriding is disabled.

Action:

Consider renaming one of the beans or enabling overriding by setting spring.main.allow-bean-definition-overriding=true

ERROR   2021-09-21 12:26:31,141 [restartedMain] org.springframework.boot.diagnostics.LoggingFailureAnalysisReporter [] [] - 

***************************
APPLICATION FAILED TO START
***************************

Description:

The bean 'corsConfigurer', defined in it.istat.mec.catalogue.CatalogueApplication, could not be registered. A bean with that name has already been defined in class path resource [it/istat/mec/catalogue/CatalogApplication.class] and overriding is disabled.

Action:

Consider renaming one of the beans or enabling overriding by setting spring.main.allow-bean-definition-overriding=true

ERROR   2021-09-21 12:26:35,518 [restartedMain] org.springframework.boot.diagnostics.LoggingFailureAnalysisReporter [] [] - 

***************************
APPLICATION FAILED TO START
***************************

Description:

The bean 'corsConfigurer', defined in it.istat.mec.catalogue.CatalogueApplication, could not be registered. A bean with that name has already been defined in class path resource [it/istat/mec/catalogue/CatalogApplication.class] and overriding is disabled.

Action:

Consider renaming one of the beans or enabling overriding by setting spring.main.allow-bean-definition-overriding=true

ERROR   2021-09-21 12:26:41,985 [restartedMain] org.springframework.boot.diagnostics.LoggingFailureAnalysisReporter [] [] - 

***************************
APPLICATION FAILED TO START
***************************

Description:

The bean 'corsConfigurer', defined in it.istat.mec.catalogue.CatalogueApplication, could not be registered. A bean with that name has already been defined in class path resource [it/istat/mec/catalogue/CatalogApplication.class] and overriding is disabled.

Action:

Consider renaming one of the beans or enabling overriding by setting spring.main.allow-bean-definition-overriding=true

ERROR   2021-09-21 12:27:15,596 [restartedMain] org.springframework.boot.diagnostics.LoggingFailureAnalysisReporter [] [] - 

***************************
APPLICATION FAILED TO START
***************************

Description:

The bean 'corsConfigurer', defined in it.istat.mec.catalogue.CatalogueApplication, could not be registered. A bean with that name has already been defined in class path resource [it/istat/mec/catalogue/CatalogApplication.class] and overriding is disabled.

Action:

Consider renaming one of the beans or enabling overriding by setting spring.main.allow-bean-definition-overriding=true

ERROR   2021-09-21 12:27:21,063 [restartedMain] org.springframework.boot.diagnostics.LoggingFailureAnalysisReporter [] [] - 

***************************
APPLICATION FAILED TO START
***************************

Description:

The bean 'corsConfigurer', defined in it.istat.mec.catalogue.CatalogueApplication, could not be registered. A bean with that name has already been defined in class path resource [it/istat/mec/catalogue/CatalogApplication.class] and overriding is disabled.

Action:

Consider renaming one of the beans or enabling overriding by setting spring.main.allow-bean-definition-overriding=true

ERROR   2021-09-21 12:27:30,719 [restartedMain] org.springframework.boot.diagnostics.LoggingFailureAnalysisReporter [] [] - 

***************************
APPLICATION FAILED TO START
***************************

Description:

The bean 'corsConfigurer', defined in it.istat.mec.catalogue.CatalogueApplication, could not be registered. A bean with that name has already been defined in class path resource [it/istat/mec/catalogue/CatalogApplication.class] and overriding is disabled.

Action:

Consider renaming one of the beans or enabling overriding by setting spring.main.allow-bean-definition-overriding=true

